current directory: /Users/thomashunckler/code/thomas6791/finay/.bundle/ruby/2.6.0/gems/http_parser.rb-0.8.0/ext/ruby_http_parser
<<<<<<< HEAD
/Users/thomashunckler/.rbenv/versions/2.6.3/bin/ruby -I /Users/thomashunckler/.rbenv/versions/2.6.3/lib/ruby/2.6.0 -r ./siteconf20220121-24091-1dscknm.rb extconf.rb
=======
/Users/thomashunckler/.rbenv/versions/2.6.3/bin/ruby -I /Users/thomashunckler/.rbenv/versions/2.6.3/lib/ruby/2.6.0 -r ./siteconf20220121-17674-1p122ow.rb extconf.rb
>>>>>>> 23c705480cc8345db7662a93b2fcae0a576cd0e4
creating Makefile

current directory: /Users/thomashunckler/code/thomas6791/finay/.bundle/ruby/2.6.0/gems/http_parser.rb-0.8.0/ext/ruby_http_parser
make "DESTDIR=" clean

current directory: /Users/thomashunckler/code/thomas6791/finay/.bundle/ruby/2.6.0/gems/http_parser.rb-0.8.0/ext/ruby_http_parser
make "DESTDIR="
compiling ruby_http_parser.c
ruby_http_parser.c:365:17: warning: comparison of integers of different signs: 'size_t' (aka 'unsigned long') and 'long' [-Wsign-compare]
    if (nparsed < len)
        ~~~~~~~ ^ ~~~
1 warning generated.
compiling ryah_http_parser.c
linking shared-object ruby_http_parser.bundle

current directory: /Users/thomashunckler/code/thomas6791/finay/.bundle/ruby/2.6.0/gems/http_parser.rb-0.8.0/ext/ruby_http_parser
make "DESTDIR=" install
<<<<<<< HEAD
/usr/bin/install -c -m 0755 ruby_http_parser.bundle ./.gem.20220121-24091-11ftg7b
=======
/usr/bin/install -c -m 0755 ruby_http_parser.bundle ./.gem.20220121-17674-iu8v2d
>>>>>>> 23c705480cc8345db7662a93b2fcae0a576cd0e4
