current directory: /Users/thomashunckler/code/thomas6791/finay/.bundle/ruby/2.6.0/gems/eventmachine-1.2.7/ext/fastfilereader
<<<<<<< HEAD
/Users/thomashunckler/.rbenv/versions/2.6.3/bin/ruby -I /Users/thomashunckler/.rbenv/versions/2.6.3/lib/ruby/2.6.0 -r ./siteconf20220121-24091-1la59ee.rb extconf.rb
=======
/Users/thomashunckler/.rbenv/versions/2.6.3/bin/ruby -I /Users/thomashunckler/.rbenv/versions/2.6.3/lib/ruby/2.6.0 -r ./siteconf20220121-17674-5yydvj.rb extconf.rb
>>>>>>> 23c705480cc8345db7662a93b2fcae0a576cd0e4
creating Makefile

current directory: /Users/thomashunckler/code/thomas6791/finay/.bundle/ruby/2.6.0/gems/eventmachine-1.2.7/ext/fastfilereader
make "DESTDIR=" clean

current directory: /Users/thomashunckler/code/thomas6791/finay/.bundle/ruby/2.6.0/gems/eventmachine-1.2.7/ext/fastfilereader
make "DESTDIR="
compiling mapper.cpp
compiling rubymain.cpp
linking shared-object fastfilereaderext.bundle

current directory: /Users/thomashunckler/code/thomas6791/finay/.bundle/ruby/2.6.0/gems/eventmachine-1.2.7/ext/fastfilereader
make "DESTDIR=" install
<<<<<<< HEAD
/usr/bin/install -c -m 0755 fastfilereaderext.bundle ./.gem.20220121-24091-1ccba9s
=======
/usr/bin/install -c -m 0755 fastfilereaderext.bundle ./.gem.20220121-17674-x963yj
>>>>>>> 23c705480cc8345db7662a93b2fcae0a576cd0e4
